<?xml version="1.0" encoding="UTF-8"?>
<!-- Generated by org.testng.reporters.JUnitReportReporter -->
<testsuite skipped="0" hostname="MBP-SPRASANA-0915.local" name="org.alfresco.deployment.appTest.AppAPITest" tests="8" failures="0" timestamp="17 Oct 2017 12:03:14 GMT" time="0.297" errors="0">
  <testcase name="invalidAppRequestURL" time="0.228" classname="org.alfresco.deployment.appTest.AppAPITest"/>
  <testcase name="validAppRestRequest" time="0.019" classname="org.alfresco.deployment.appTest.AppAPITest"/>
  <testcase name="validCreateRequest" time="0.011" classname="org.alfresco.deployment.appTest.AppAPITest"/>
  <testcase name="validGetOfCreateRequest" time="0.008" classname="org.alfresco.deployment.appTest.AppAPITest"/>
  <testcase name="validUpdateRequest" time="0.009" classname="org.alfresco.deployment.appTest.AppAPITest"/>
  <testcase name="validGetOfUpdateRequest" time="0.009" classname="org.alfresco.deployment.appTest.AppAPITest"/>
  <testcase name="validDeleteRequest" time="0.007" classname="org.alfresco.deployment.appTest.AppAPITest"/>
  <testcase name="validGetOfDeleteRequest" time="0.006" classname="org.alfresco.deployment.appTest.AppAPITest"/>
</testsuite> <!-- org.alfresco.deployment.appTest.AppAPITest -->
